<?xml version="1.0" encoding="UTF-8"?>
<testng-results ignored="0" total="1" passed="1" failed="0" skipped="0">
  <reporter-output>
  </reporter-output>
  <suite started-at="2024-02-22T10:38:57 IST" name="Default suite" finished-at="2024-02-22T10:39:00 IST" duration-ms="3020">
    <groups>
    </groups>
    <test started-at="2024-02-22T10:38:57 IST" name="Default test" finished-at="2024-02-22T10:39:00 IST" duration-ms="3020">
      <class name="com.qa.tests.GetAPITest">
        <test-method is-config="true" signature="setUp()[pri:0, instance:com.qa.tests.GetAPITest@43195e57]" started-at="2024-02-22T10:38:57 IST" name="setUp" finished-at="2024-02-22T10:38:59 IST" duration-ms="2191" status="PASS">
          <reporter-output>
          </reporter-output>
        </test-method> <!-- setUp -->
        <test-method signature="getAPITest()[pri:0, instance:com.qa.tests.GetAPITest@43195e57]" started-at="2024-02-22T10:38:59 IST" name="getAPITest" finished-at="2024-02-22T10:39:00 IST" duration-ms="786" status="PASS">
          <reporter-output>
          </reporter-output>
        </test-method> <!-- getAPITest -->
      </class> <!-- com.qa.tests.GetAPITest -->
    </test> <!-- Default test -->
  </suite> <!-- Default suite -->
</testng-results>
